<?xml version="1.0" encoding="UTF-8"?>
<testng-results skipped="0" failed="0" ignored="0" total="3" passed="3">
  <reporter-output>
    <line>
      <![CDATA[Sig-in Successful]]>
    </line>
    <line>
      <![CDATA[Sig-in Successful]]>
    </line>
    <line>
      <![CDATA[Sig-in Successful]]>
    </line>
  </reporter-output>
  <suite name="SWF Test Suite" duration-ms="65789" started-at="2017-10-20T09:34:53Z" finished-at="2017-10-20T09:35:59Z">
    <groups>
    </groups>
    <test name="SWF Test" duration-ms="65789" started-at="2017-10-20T09:34:53Z" finished-at="2017-10-20T09:35:59Z">
      <class name="automationFramework.Login">
        <test-method status="PASS" signature="setup()[pri:0, instance:automationFramework.Login@37883b97]" name="setup" is-config="true" duration-ms="8668" started-at="2017-10-20T10:34:54Z" finished-at="2017-10-20T10:35:02Z">
          <reporter-output>
          </reporter-output>
        </test-method> <!-- setup -->
        <test-method status="PASS" signature="login(java.lang.String, java.lang.String)[pri:0, instance:automationFramework.Login@37883b97]" name="login" duration-ms="13062" started-at="2017-10-20T10:35:02Z" data-provider="getData" finished-at="2017-10-20T10:35:15Z">
          <params>
            <param index="0">
              <value>
                <![CDATA[admin ]]>
              </value>
            </param>
            <param index="1">
              <value>
                <![CDATA[S1mplyW0rkfl0w]]>
              </value>
            </param>
          </params>
          <reporter-output>
            <line>
              <![CDATA[Sig-in Successful]]>
            </line>
          </reporter-output>
        </test-method> <!-- login -->
        <test-method status="PASS" signature="tearDown()[pri:0, instance:automationFramework.Login@37883b97]" name="tearDown" is-config="true" duration-ms="205" started-at="2017-10-20T10:35:15Z" finished-at="2017-10-20T10:35:16Z">
          <reporter-output>
          </reporter-output>
        </test-method> <!-- tearDown -->
        <test-method status="PASS" signature="setup()[pri:0, instance:automationFramework.Login@37883b97]" name="setup" is-config="true" duration-ms="6329" started-at="2017-10-20T10:35:16Z" finished-at="2017-10-20T10:35:22Z">
          <reporter-output>
          </reporter-output>
        </test-method> <!-- setup -->
        <test-method status="PASS" signature="login(java.lang.String, java.lang.String)[pri:0, instance:automationFramework.Login@37883b97]" name="login" duration-ms="12966" started-at="2017-10-20T10:35:22Z" data-provider="getData" finished-at="2017-10-20T10:35:35Z">
          <params>
            <param index="0">
              <value>
                <![CDATA[manager ]]>
              </value>
            </param>
            <param index="1">
              <value>
                <![CDATA[manager]]>
              </value>
            </param>
          </params>
          <reporter-output>
            <line>
              <![CDATA[Sig-in Successful]]>
            </line>
          </reporter-output>
        </test-method> <!-- login -->
        <test-method status="PASS" signature="tearDown()[pri:0, instance:automationFramework.Login@37883b97]" name="tearDown" is-config="true" duration-ms="2218" started-at="2017-10-20T10:35:35Z" finished-at="2017-10-20T10:35:37Z">
          <reporter-output>
          </reporter-output>
        </test-method> <!-- tearDown -->
        <test-method status="PASS" signature="setup()[pri:0, instance:automationFramework.Login@37883b97]" name="setup" is-config="true" duration-ms="6394" started-at="2017-10-20T10:35:37Z" finished-at="2017-10-20T10:35:44Z">
          <reporter-output>
          </reporter-output>
        </test-method> <!-- setup -->
        <test-method status="PASS" signature="login(java.lang.String, java.lang.String)[pri:0, instance:automationFramework.Login@37883b97]" name="login" duration-ms="12985" started-at="2017-10-20T10:35:44Z" data-provider="getData" finished-at="2017-10-20T10:35:57Z">
          <params>
            <param index="0">
              <value>
                <![CDATA[test ]]>
              </value>
            </param>
            <param index="1">
              <value>
                <![CDATA[test]]>
              </value>
            </param>
          </params>
          <reporter-output>
            <line>
              <![CDATA[Sig-in Successful]]>
            </line>
          </reporter-output>
        </test-method> <!-- login -->
        <test-method status="PASS" signature="tearDown()[pri:0, instance:automationFramework.Login@37883b97]" name="tearDown" is-config="true" duration-ms="2103" started-at="2017-10-20T10:35:57Z" finished-at="2017-10-20T10:35:59Z">
          <reporter-output>
          </reporter-output>
        </test-method> <!-- tearDown -->
      </class> <!-- automationFramework.Login -->
    </test> <!-- SWF Test -->
  </suite> <!-- SWF Test Suite -->
</testng-results>
