<?xml version="1.0" encoding="UTF-8"?>
<!-- Generated by org.testng.reporters.JUnitXMLReporter -->
<testsuite hostname="Our-Laptop" ignored="0" name="SWF Test" tests="3" failures="0" timestamp="20 Oct 2017 09:35:59 GMT" time="65.789" errors="0">
  <testcase name="login" time="13.062" classname="automationFramework.Login"/>
  <testcase name="login" time="12.966" classname="automationFramework.Login"/>
  <testcase name="login" time="12.985" classname="automationFramework.Login"/>
</testsuite> <!-- SWF Test -->
